<?xml version="1.0" encoding="UTF-8"?>
<!-- Generated by org.testng.reporters.JUnitXMLReporter -->
<testsuite ignored="0" hostname="Arjun" failures="0" tests="3" name="Default test" time="39.671" errors="0" timestamp="2021-08-08T15:12:03 IST">
  <testcase classname="com.capstone.HomePage" name="AddToCart" time="18.294"/>
  <testcase classname="com.capstone.HomePage" name="Login" time="4.268"/>
  <testcase classname="com.capstone.HomePage" name="homeLinks" time="11.518"/>
</testsuite> <!-- Default test -->
