<?xml version="1.0" encoding="UTF-8"?>
<testng-results ignored="0" total="3" passed="3" failed="0" skipped="0">
  <reporter-output>
  </reporter-output>
  <suite started-at="2021-08-08T15:11:24 IST" name="Default suite" finished-at="2021-08-08T15:12:03 IST" duration-ms="39671">
    <groups>
    </groups>
    <test started-at="2021-08-08T15:11:24 IST" name="Default test" finished-at="2021-08-08T15:12:03 IST" duration-ms="39671">
      <class name="com.capstone.HomePage">
        <test-method is-config="true" signature="launch()[pri:0, instance:com.capstone.HomePage@56a6d5a6]" started-at="2021-08-08T15:11:24 IST" name="launch" finished-at="2021-08-08T15:11:28 IST" duration-ms="4380" status="PASS">
          <reporter-output>
          </reporter-output>
        </test-method> <!-- launch -->
        <test-method signature="AddToCart()[pri:0, instance:com.capstone.HomePage@56a6d5a6]" started-at="2021-08-08T15:11:28 IST" name="AddToCart" finished-at="2021-08-08T15:11:46 IST" duration-ms="18294" status="PASS">
          <reporter-output>
          </reporter-output>
        </test-method> <!-- AddToCart -->
        <test-method signature="Login()[pri:0, instance:com.capstone.HomePage@56a6d5a6]" started-at="2021-08-08T15:11:46 IST" name="Login" finished-at="2021-08-08T15:11:51 IST" duration-ms="4268" status="PASS">
          <reporter-output>
          </reporter-output>
        </test-method> <!-- Login -->
        <test-method signature="homeLinks()[pri:0, instance:com.capstone.HomePage@56a6d5a6]" started-at="2021-08-08T15:11:51 IST" name="homeLinks" finished-at="2021-08-08T15:12:02 IST" duration-ms="11518" status="PASS">
          <reporter-output>
          </reporter-output>
        </test-method> <!-- homeLinks -->
        <test-method is-config="true" signature="exit()[pri:0, instance:com.capstone.HomePage@56a6d5a6]" started-at="2021-08-08T15:12:02 IST" name="exit" finished-at="2021-08-08T15:12:03 IST" duration-ms="1083" status="PASS">
          <reporter-output>
          </reporter-output>
        </test-method> <!-- exit -->
      </class> <!-- com.capstone.HomePage -->
    </test> <!-- Default test -->
  </suite> <!-- Default suite -->
</testng-results>
