<?xml version="1.0" encoding="UTF-8"?>
<testng-results ignored="0" total="2" passed="2" failed="0" skipped="0">
  <reporter-output>
  </reporter-output>
  <suite started-at="2021-08-07T21:48:55 IST" name="Default suite" finished-at="2021-08-07T21:49:24 IST" duration-ms="28726">
    <groups>
    </groups>
    <test started-at="2021-08-07T21:48:55 IST" name="Default test" finished-at="2021-08-07T21:49:24 IST" duration-ms="28726">
      <class name="com.capstone.HomePage">
        <test-method is-config="true" signature="launch()[pri:0, instance:com.capstone.HomePage@309e345f]" started-at="2021-08-07T21:48:55 IST" name="launch" finished-at="2021-08-07T21:49:00 IST" duration-ms="4636" status="PASS">
          <reporter-output>
          </reporter-output>
        </test-method> <!-- launch -->
        <test-method signature="Login()[pri:0, instance:com.capstone.HomePage@309e345f]" started-at="2021-08-07T21:49:00 IST" name="Login" finished-at="2021-08-07T21:49:10 IST" duration-ms="9798" status="PASS">
          <reporter-output>
          </reporter-output>
        </test-method> <!-- Login -->
        <test-method signature="homeLinks()[pri:0, instance:com.capstone.HomePage@309e345f]" started-at="2021-08-07T21:49:10 IST" name="homeLinks" finished-at="2021-08-07T21:49:23 IST" duration-ms="12750" status="PASS">
          <reporter-output>
          </reporter-output>
        </test-method> <!-- homeLinks -->
        <test-method is-config="true" signature="exit()[pri:0, instance:com.capstone.HomePage@309e345f]" started-at="2021-08-07T21:49:23 IST" name="exit" finished-at="2021-08-07T21:49:24 IST" duration-ms="1434" status="PASS">
          <reporter-output>
          </reporter-output>
        </test-method> <!-- exit -->
      </class> <!-- com.capstone.HomePage -->
    </test> <!-- Default test -->
  </suite> <!-- Default suite -->
</testng-results>
